<?xml version="1.0" encoding="UTF-8"?>
<!-- Generated by org.testng.reporters.JUnitReportReporter -->
<testsuite skipped="0" hostname="DESKTOP-I18QERN" name="com.sgic.automation.demo.test.LoginTest" tests="1" failures="0" timestamp="24 Nov 2018 12:33:23 GMT" time="12.410" errors="0">
  <testcase name="testUntitledTestCase" time="12.410" classname="com.sgic.automation.demo.test.LoginTest"/>
</testsuite> <!-- com.sgic.automation.demo.test.LoginTest -->
